[2026-04-30 17:09:30] live.ERROR: SQLSTATE[23000]: Integrity constraint violation: 1062 Duplicate entry '0' for key 'PRIMARY' (Connection: mysql, SQL: insert into `error_logs` (`status_code`, `url`, `hit_counts`, `created_at`, `updated_at`) values (404, http://127.0.0.1:8000/deliveryman/login, 1, 2026-04-30 17:09:29, 2026-04-30 17:09:29)) {"exception":"[object] (Illuminate\\Database\\UniqueConstraintViolationException(code: 23000): SQLSTATE[23000]: Integrity constraint violation: 1062 Duplicate entry '0' for key 'PRIMARY' (Connection: mysql, SQL: insert into `error_logs` (`status_code`, `url`, `hit_counts`, `created_at`, `updated_at`) values (404, http://127.0.0.1:8000/deliveryman/login, 1, 2026-04-30 17:09:29, 2026-04-30 17:09:29)) at C:/Users/musas/Desktop/softwares/6valley/POSA-latest version/POSA/vendor/laravel/framework/src/Illuminate/Database/Connection.php:824)
[stacktrace]
#0 C:/Users/musas/Desktop/softwares/6valley/POSA-latest version/POSA/vendor/laravel/framework/src/Illuminate/Database/Connection.php(783): Illuminate/Database/Connection->runQueryCallback('insert into `er...', Array, Object(Closure))
#1 C:/Users/musas/Desktop/softwares/6valley/POSA-latest version/POSA/vendor/laravel/framework/src/Illuminate/Database/MySqlConnection.php(34): Illuminate/Database/Connection->run('insert into `er...', Array, Object(Closure))
#2 C:/Users/musas/Desktop/softwares/6valley/POSA-latest version/POSA/vendor/laravel/framework/src/Illuminate/Database/Query/Processors/MySqlProcessor.php(35): Illuminate/Database/MySqlConnection->insert('insert into `er...', Array, 'id')
#3 C:/Users/musas/Desktop/softwares/6valley/POSA-latest version/POSA/vendor/laravel/framework/src/Illuminate/Database/Query/Builder.php(3549): Illuminate/Database/Query/Processors/MySqlProcessor->processInsertGetId(Object(Illuminate/Database/Query/Builder), 'insert into `er...', Array, 'id')
#4 C:/Users/musas/Desktop/softwares/6valley/POSA-latest version/POSA/vendor/laravel/framework/src/Illuminate/Database/Eloquent/Builder.php(1982): Illuminate/Database/Query/Builder->insertGetId(Array, 'id')
#5 C:/Users/musas/Desktop/softwares/6valley/POSA-latest version/POSA/vendor/laravel/framework/src/Illuminate/Database/Eloquent/Model.php(1334): Illuminate/Database/Eloquent/Builder->__call('insertGetId', Array)
#6 C:/Users/musas/Desktop/softwares/6valley/POSA-latest version/POSA/vendor/laravel/framework/src/Illuminate/Database/Eloquent/Model.php(1299): Illuminate/Database/Eloquent/Model->insertAndSetId(Object(Illuminate/Database/Eloquent/Builder), Array)
#7 C:/Users/musas/Desktop/softwares/6valley/POSA-latest version/POSA/vendor/laravel/framework/src/Illuminate/Database/Eloquent/Model.php(1138): Illuminate/Database/Eloquent/Model->performInsert(Object(Illuminate/Database/Eloquent/Builder))
#8 C:/Users/musas/Desktop/softwares/6valley/POSA-latest version/POSA/vendor/laravel/framework/src/Illuminate/Database/Eloquent/Builder.php(1025): Illuminate/Database/Eloquent/Model->save()
#9 C:/Users/musas/Desktop/softwares/6valley/POSA-latest version/POSA/vendor/laravel/framework/src/Illuminate/Support/helpers.php(320): Illuminate/Database/Eloquent/Builder->Illuminate/Database/Eloquent/{closure}(Object(App/Models/ErrorLogs))
#10 C:/Users/musas/Desktop/softwares/6valley/POSA-latest version/POSA/vendor/laravel/framework/src/Illuminate/Database/Eloquent/Builder.php(1024): tap(Object(App/Models/ErrorLogs), Object(Closure))
#11 C:/Users/musas/Desktop/softwares/6valley/POSA-latest version/POSA/vendor/laravel/framework/src/Illuminate/Support/Traits/ForwardsCalls.php(23): Illuminate/Database/Eloquent/Builder->create(Array)
#12 C:/Users/musas/Desktop/softwares/6valley/POSA-latest version/POSA/vendor/laravel/framework/src/Illuminate/Database/Eloquent/Model.php(2335): Illuminate/Database/Eloquent/Model->forwardCallTo(Object(Illuminate/Database/Eloquent/Builder), 'create', Array)
#13 C:/Users/musas/Desktop/softwares/6valley/POSA-latest version/POSA/vendor/laravel/framework/src/Illuminate/Database/Eloquent/Model.php(2347): Illuminate/Database/Eloquent/Model->__call('create', Array)
#14 C:/Users/musas/Desktop/softwares/6valley/POSA-latest version/POSA/app/Traits/ErrorLogsTrait.php(18): Illuminate/Database/Eloquent/Model::__callStatic('create', Array)
#15 C:/Users/musas/Desktop/softwares/6valley/POSA-latest version/POSA/app/Exceptions/Handler.php(57): App/Exceptions/Handler->storeErrorLogsUrl('http://127.0.0....', 404)
#16 C:/Users/musas/Desktop/softwares/6valley/POSA-latest version/POSA/vendor/laravel/framework/src/Illuminate/Routing/Pipeline.php(51): App/Exceptions/Handler->render(Object(Illuminate/Http/Request), Object(Symfony/Component/HttpKernel/Exception/NotFoundHttpException))
#17 C:/Users/musas/Desktop/softwares/6valley/POSA-latest version/POSA/vendor/laravel/framework/src/Illuminate/Pipeline/Pipeline.php(146): Illuminate/Routing/Pipeline->handleException(Object(Illuminate/Http/Request), Object(Symfony/Component/HttpKernel/Exception/NotFoundHttpException))
#18 C:/Users/musas/Desktop/softwares/6valley/POSA-latest version/POSA/vendor/barryvdh/laravel-debugbar/src/Middleware/InjectDebugbar.php(66): Illuminate/Pipeline/Pipeline->Illuminate/Pipeline/{closure}(Object(Illuminate/Http/Request))
#19 C:/Users/musas/Desktop/softwares/6valley/POSA-latest version/POSA/vendor/laravel/framework/src/Illuminate/Pipeline/Pipeline.php(183): Barryvdh/Debugbar/Middleware/InjectDebugbar->handle(Object(Illuminate/Http/Request), Object(Closure))
#20 C:/Users/musas/Desktop/softwares/6valley/POSA-latest version/POSA/app/Http/Middleware/DatabaseRefreshMiddleware.php(33): Illuminate/Pipeline/Pipeline->Illuminate/Pipeline/{closure}(Object(Illuminate/Http/Request))
#21 C:/Users/musas/Desktop/softwares/6valley/POSA-latest version/POSA/vendor/laravel/framework/src/Illuminate/Pipeline/Pipeline.php(183): App/Http/Middleware/DatabaseRefreshMiddleware->handle(Object(Illuminate/Http/Request), Object(Closure))
#22 C:/Users/musas/Desktop/softwares/6valley/POSA-latest version/POSA/vendor/laravel/framework/src/Illuminate/Foundation/Http/Middleware/TransformsRequest.php(21): Illuminate/Pipeline/Pipeline->Illuminate/Pipeline/{closure}(Object(Illuminate/Http/Request))
#23 C:/Users/musas/Desktop/softwares/6valley/POSA-latest version/POSA/vendor/laravel/framework/src/Illuminate/Foundation/Http/Middleware/ConvertEmptyStringsToNull.php(31): Illuminate/Foundation/Http/Middleware/TransformsRequest->handle(Object(Illuminate/Http/Request), Object(Closure))
#24 C:/Users/musas/Desktop/softwares/6valley/POSA-latest version/POSA/vendor/laravel/framework/src/Illuminate/Pipeline/Pipeline.php(183): Illuminate/Foundation/Http/Middleware/ConvertEmptyStringsToNull->handle(Object(Illuminate/Http/Request), Object(Closure))
#25 C:/Users/musas/Desktop/softwares/6valley/POSA-latest version/POSA/vendor/laravel/framework/src/Illuminate/Foundation/Http/Middleware/TransformsRequest.php(21): Illuminate/Pipeline/Pipeline->Illuminate/Pipeline/{closure}(Object(Illuminate/Http/Request))
#26 C:/Users/musas/Desktop/softwares/6valley/POSA-latest version/POSA/vendor/laravel/framework/src/Illuminate/Foundation/Http/Middleware/TrimStrings.php(40): Illuminate/Foundation/Http/Middleware/TransformsRequest->handle(Object(Illuminate/Http/Request), Object(Closure))
#27 C:/Users/musas/Desktop/softwares/6valley/POSA-latest version/POSA/vendor/laravel/framework/src/Illuminate/Pipeline/Pipeline.php(183): Illuminate/Foundation/Http/Middleware/TrimStrings->handle(Object(Illuminate/Http/Request), Object(Closure))
#28 C:/Users/musas/Desktop/softwares/6valley/POSA-latest version/POSA/vendor/laravel/framework/src/Illuminate/Foundation/Http/Middleware/ValidatePostSize.php(27): Illuminate/Pipeline/Pipeline->Illuminate/Pipeline/{closure}(Object(Illuminate/Http/Request))
#29 C:/Users/musas/Desktop/softwares/6valley/POSA-latest version/POSA/vendor/laravel/framework/src/Illuminate/Pipeline/Pipeline.php(183): Illuminate/Foundation/Http/Middleware/ValidatePostSize->handle(Object(Illuminate/Http/Request), Object(Closure))
#30 C:/Users/musas/Desktop/softwares/6valley/POSA-latest version/POSA/vendor/laravel/framework/src/Illuminate/Foundation/Http/Middleware/PreventRequestsDuringMaintenance.php(99): Illuminate/Pipeline/Pipeline->Illuminate/Pipeline/{closure}(Object(Illuminate/Http/Request))
#31 C:/Users/musas/Desktop/softwares/6valley/POSA-latest version/POSA/vendor/laravel/framework/src/Illuminate/Pipeline/Pipeline.php(183): Illuminate/Foundation/Http/Middleware/PreventRequestsDuringMaintenance->handle(Object(Illuminate/Http/Request), Object(Closure))
#32 C:/Users/musas/Desktop/softwares/6valley/POSA-latest version/POSA/vendor/laravel/framework/src/Illuminate/Http/Middleware/TrustProxies.php(39): Illuminate/Pipeline/Pipeline->Illuminate/Pipeline/{closure}(Object(Illuminate/Http/Request))
#33 C:/Users/musas/Desktop/softwares/6valley/POSA-latest version/POSA/vendor/laravel/framework/src/Illuminate/Pipeline/Pipeline.php(183): Illuminate/Http/Middleware/TrustProxies->handle(Object(Illuminate/Http/Request), Object(Closure))
#34 C:/Users/musas/Desktop/softwares/6valley/POSA-latest version/POSA/vendor/laravel/framework/src/Illuminate/Pipeline/Pipeline.php(119): Illuminate/Pipeline/Pipeline->Illuminate/Pipeline/{closure}(Object(Illuminate/Http/Request))
#35 C:/Users/musas/Desktop/softwares/6valley/POSA-latest version/POSA/vendor/laravel/framework/src/Illuminate/Foundation/Http/Kernel.php(175): Illuminate/Pipeline/Pipeline->then(Object(Closure))
#36 C:/Users/musas/Desktop/softwares/6valley/POSA-latest version/POSA/vendor/laravel/framework/src/Illuminate/Foundation/Http/Kernel.php(144): Illuminate/Foundation/Http/Kernel->sendRequestThroughRouter(Object(Illuminate/Http/Request))
#37 C:/Users/musas/Desktop/softwares/6valley/POSA-latest version/POSA/public/index.php(56): Illuminate/Foundation/Http/Kernel->handle(Object(Illuminate/Http/Request))
#38 C:/Users/musas/Desktop/softwares/6valley/POSA-latest version/POSA/server.php(21): require_once('C://Users//musas//...')
#39 {main}

[previous exception] [object] (PDOException(code: 23000): SQLSTATE[23000]: Integrity constraint violation: 1062 Duplicate entry '0' for key 'PRIMARY' at C:/Users/musas/Desktop/softwares/6valley/POSA-latest version/POSA/vendor/laravel/framework/src/Illuminate/Database/MySqlConnection.php:45)
[stacktrace]
#0 C:/Users/musas/Desktop/softwares/6valley/POSA-latest version/POSA/vendor/laravel/framework/src/Illuminate/Database/MySqlConnection.php(45): PDOStatement->execute()
#1 C:/Users/musas/Desktop/softwares/6valley/POSA-latest version/POSA/vendor/laravel/framework/src/Illuminate/Database/Connection.php(816): Illuminate/Database/MySqlConnection->Illuminate/Database/{closure}('insert into `er...', Array)
#2 C:/Users/musas/Desktop/softwares/6valley/POSA-latest version/POSA/vendor/laravel/framework/src/Illuminate/Database/Connection.php(783): Illuminate/Database/Connection->runQueryCallback('insert into `er...', Array, Object(Closure))
#3 C:/Users/musas/Desktop/softwares/6valley/POSA-latest version/POSA/vendor/laravel/framework/src/Illuminate/Database/MySqlConnection.php(34): Illuminate/Database/Connection->run('insert into `er...', Array, Object(Closure))
#4 C:/Users/musas/Desktop/softwares/6valley/POSA-latest version/POSA/vendor/laravel/framework/src/Illuminate/Database/Query/Processors/MySqlProcessor.php(35): Illuminate/Database/MySqlConnection->insert('insert into `er...', Array, 'id')
#5 C:/Users/musas/Desktop/softwares/6valley/POSA-latest version/POSA/vendor/laravel/framework/src/Illuminate/Database/Query/Builder.php(3549): Illuminate/Database/Query/Processors/MySqlProcessor->processInsertGetId(Object(Illuminate/Database/Query/Builder), 'insert into `er...', Array, 'id')
#6 C:/Users/musas/Desktop/softwares/6valley/POSA-latest version/POSA/vendor/laravel/framework/src/Illuminate/Database/Eloquent/Builder.php(1982): Illuminate/Database/Query/Builder->insertGetId(Array, 'id')
#7 C:/Users/musas/Desktop/softwares/6valley/POSA-latest version/POSA/vendor/laravel/framework/src/Illuminate/Database/Eloquent/Model.php(1334): Illuminate/Database/Eloquent/Builder->__call('insertGetId', Array)
#8 C:/Users/musas/Desktop/softwares/6valley/POSA-latest version/POSA/vendor/laravel/framework/src/Illuminate/Database/Eloquent/Model.php(1299): Illuminate/Database/Eloquent/Model->insertAndSetId(Object(Illuminate/Database/Eloquent/Builder), Array)
#9 C:/Users/musas/Desktop/softwares/6valley/POSA-latest version/POSA/vendor/laravel/framework/src/Illuminate/Database/Eloquent/Model.php(1138): Illuminate/Database/Eloquent/Model->performInsert(Object(Illuminate/Database/Eloquent/Builder))
#10 C:/Users/musas/Desktop/softwares/6valley/POSA-latest version/POSA/vendor/laravel/framework/src/Illuminate/Database/Eloquent/Builder.php(1025): Illuminate/Database/Eloquent/Model->save()
#11 C:/Users/musas/Desktop/softwares/6valley/POSA-latest version/POSA/vendor/laravel/framework/src/Illuminate/Support/helpers.php(320): Illuminate/Database/Eloquent/Builder->Illuminate/Database/Eloquent/{closure}(Object(App/Models/ErrorLogs))
#12 C:/Users/musas/Desktop/softwares/6valley/POSA-latest version/POSA/vendor/laravel/framework/src/Illuminate/Database/Eloquent/Builder.php(1024): tap(Object(App/Models/ErrorLogs), Object(Closure))
#13 C:/Users/musas/Desktop/softwares/6valley/POSA-latest version/POSA/vendor/laravel/framework/src/Illuminate/Support/Traits/ForwardsCalls.php(23): Illuminate/Database/Eloquent/Builder->create(Array)
#14 C:/Users/musas/Desktop/softwares/6valley/POSA-latest version/POSA/vendor/laravel/framework/src/Illuminate/Database/Eloquent/Model.php(2335): Illuminate/Database/Eloquent/Model->forwardCallTo(Object(Illuminate/Database/Eloquent/Builder), 'create', Array)
#15 C:/Users/musas/Desktop/softwares/6valley/POSA-latest version/POSA/vendor/laravel/framework/src/Illuminate/Database/Eloquent/Model.php(2347): Illuminate/Database/Eloquent/Model->__call('create', Array)
#16 C:/Users/musas/Desktop/softwares/6valley/POSA-latest version/POSA/app/Traits/ErrorLogsTrait.php(18): Illuminate/Database/Eloquent/Model::__callStatic('create', Array)
#17 C:/Users/musas/Desktop/softwares/6valley/POSA-latest version/POSA/app/Exceptions/Handler.php(57): App/Exceptions/Handler->storeErrorLogsUrl('http://127.0.0....', 404)
#18 C:/Users/musas/Desktop/softwares/6valley/POSA-latest version/POSA/vendor/laravel/framework/src/Illuminate/Routing/Pipeline.php(51): App/Exceptions/Handler->render(Object(Illuminate/Http/Request), Object(Symfony/Component/HttpKernel/Exception/NotFoundHttpException))
#19 C:/Users/musas/Desktop/softwares/6valley/POSA-latest version/POSA/vendor/laravel/framework/src/Illuminate/Pipeline/Pipeline.php(146): Illuminate/Routing/Pipeline->handleException(Object(Illuminate/Http/Request), Object(Symfony/Component/HttpKernel/Exception/NotFoundHttpException))
#20 C:/Users/musas/Desktop/softwares/6valley/POSA-latest version/POSA/vendor/barryvdh/laravel-debugbar/src/Middleware/InjectDebugbar.php(66): Illuminate/Pipeline/Pipeline->Illuminate/Pipeline/{closure}(Object(Illuminate/Http/Request))
#21 C:/Users/musas/Desktop/softwares/6valley/POSA-latest version/POSA/vendor/laravel/framework/src/Illuminate/Pipeline/Pipeline.php(183): Barryvdh/Debugbar/Middleware/InjectDebugbar->handle(Object(Illuminate/Http/Request), Object(Closure))
#22 C:/Users/musas/Desktop/softwares/6valley/POSA-latest version/POSA/app/Http/Middleware/DatabaseRefreshMiddleware.php(33): Illuminate/Pipeline/Pipeline->Illuminate/Pipeline/{closure}(Object(Illuminate/Http/Request))
#23 C:/Users/musas/Desktop/softwares/6valley/POSA-latest version/POSA/vendor/laravel/framework/src/Illuminate/Pipeline/Pipeline.php(183): App/Http/Middleware/DatabaseRefreshMiddleware->handle(Object(Illuminate/Http/Request), Object(Closure))
#24 C:/Users/musas/Desktop/softwares/6valley/POSA-latest version/POSA/vendor/laravel/framework/src/Illuminate/Foundation/Http/Middleware/TransformsRequest.php(21): Illuminate/Pipeline/Pipeline->Illuminate/Pipeline/{closure}(Object(Illuminate/Http/Request))
#25 C:/Users/musas/Desktop/softwares/6valley/POSA-latest version/POSA/vendor/laravel/framework/src/Illuminate/Foundation/Http/Middleware/ConvertEmptyStringsToNull.php(31): Illuminate/Foundation/Http/Middleware/TransformsRequest->handle(Object(Illuminate/Http/Request), Object(Closure))
#26 C:/Users/musas/Desktop/softwares/6valley/POSA-latest version/POSA/vendor/laravel/framework/src/Illuminate/Pipeline/Pipeline.php(183): Illuminate/Foundation/Http/Middleware/ConvertEmptyStringsToNull->handle(Object(Illuminate/Http/Request), Object(Closure))
#27 C:/Users/musas/Desktop/softwares/6valley/POSA-latest version/POSA/vendor/laravel/framework/src/Illuminate/Foundation/Http/Middleware/TransformsRequest.php(21): Illuminate/Pipeline/Pipeline->Illuminate/Pipeline/{closure}(Object(Illuminate/Http/Request))
#28 C:/Users/musas/Desktop/softwares/6valley/POSA-latest version/POSA/vendor/laravel/framework/src/Illuminate/Foundation/Http/Middleware/TrimStrings.php(40): Illuminate/Foundation/Http/Middleware/TransformsRequest->handle(Object(Illuminate/Http/Request), Object(Closure))
#29 C:/Users/musas/Desktop/softwares/6valley/POSA-latest version/POSA/vendor/laravel/framework/src/Illuminate/Pipeline/Pipeline.php(183): Illuminate/Foundation/Http/Middleware/TrimStrings->handle(Object(Illuminate/Http/Request), Object(Closure))
#30 C:/Users/musas/Desktop/softwares/6valley/POSA-latest version/POSA/vendor/laravel/framework/src/Illuminate/Foundation/Http/Middleware/ValidatePostSize.php(27): Illuminate/Pipeline/Pipeline->Illuminate/Pipeline/{closure}(Object(Illuminate/Http/Request))
#31 C:/Users/musas/Desktop/softwares/6valley/POSA-latest version/POSA/vendor/laravel/framework/src/Illuminate/Pipeline/Pipeline.php(183): Illuminate/Foundation/Http/Middleware/ValidatePostSize->handle(Object(Illuminate/Http/Request), Object(Closure))
#32 C:/Users/musas/Desktop/softwares/6valley/POSA-latest version/POSA/vendor/laravel/framework/src/Illuminate/Foundation/Http/Middleware/PreventRequestsDuringMaintenance.php(99): Illuminate/Pipeline/Pipeline->Illuminate/Pipeline/{closure}(Object(Illuminate/Http/Request))
#33 C:/Users/musas/Desktop/softwares/6valley/POSA-latest version/POSA/vendor/laravel/framework/src/Illuminate/Pipeline/Pipeline.php(183): Illuminate/Foundation/Http/Middleware/PreventRequestsDuringMaintenance->handle(Object(Illuminate/Http/Request), Object(Closure))
#34 C:/Users/musas/Desktop/softwares/6valley/POSA-latest version/POSA/vendor/laravel/framework/src/Illuminate/Http/Middleware/TrustProxies.php(39): Illuminate/Pipeline/Pipeline->Illuminate/Pipeline/{closure}(Object(Illuminate/Http/Request))
#35 C:/Users/musas/Desktop/softwares/6valley/POSA-latest version/POSA/vendor/laravel/framework/src/Illuminate/Pipeline/Pipeline.php(183): Illuminate/Http/Middleware/TrustProxies->handle(Object(Illuminate/Http/Request), Object(Closure))
#36 C:/Users/musas/Desktop/softwares/6valley/POSA-latest version/POSA/vendor/laravel/framework/src/Illuminate/Pipeline/Pipeline.php(119): Illuminate/Pipeline/Pipeline->Illuminate/Pipeline/{closure}(Object(Illuminate/Http/Request))
#37 C:/Users/musas/Desktop/softwares/6valley/POSA-latest version/POSA/vendor/laravel/framework/src/Illuminate/Foundation/Http/Kernel.php(175): Illuminate/Pipeline/Pipeline->then(Object(Closure))
#38 C:/Users/musas/Desktop/softwares/6valley/POSA-latest version/POSA/vendor/laravel/framework/src/Illuminate/Foundation/Http/Kernel.php(144): Illuminate/Foundation/Http/Kernel->sendRequestThroughRouter(Object(Illuminate/Http/Request))
#39 C:/Users/musas/Desktop/softwares/6valley/POSA-latest version/POSA/public/index.php(56): Illuminate/Foundation/Http/Kernel->handle(Object(Illuminate/Http/Request))
#40 C:/Users/musas/Desktop/softwares/6valley/POSA-latest version/POSA/server.php(21): require_once('C://Users//musas//...')
#41 {main}
"} 
[2026-04-30 17:22:17] live.ERROR: Class "App\Http\Controllers\RestAPI\v2\seller\App\Http\Controllers\RestAPI\v2\Seller\ChatController" does not exist {"exception":"[object] (ReflectionException(code: -1): Class \"App\\Http\\Controllers\\RestAPI\\v2\\seller\\App\\Http\\Controllers\\RestAPI\\v2\\Seller\\ChatController\" does not exist at C:/Users/musas/Desktop/softwares/6valley/POSA-latest version/POSA/vendor/laravel/framework/src/Illuminate/Foundation/Console/RouteListCommand.php:225)
[stacktrace]
#0 C:/Users/musas/Desktop/softwares/6valley/POSA-latest version/POSA/vendor/laravel/framework/src/Illuminate/Foundation/Console/RouteListCommand.php(225): ReflectionClass->__construct('App//Http//Contro...')
#1 C:/Users/musas/Desktop/softwares/6valley/POSA-latest version/POSA/vendor/laravel/framework/src/Illuminate/Foundation/Console/RouteListCommand.php(147): Illuminate/Foundation/Console/RouteListCommand->isVendorRoute(Object(Illuminate/Routing/Route))
#2 C:/Users/musas/Desktop/softwares/6valley/POSA-latest version/POSA/vendor/laravel/framework/src/Illuminate/Foundation/Console/RouteListCommand.php(116): Illuminate/Foundation/Console/RouteListCommand->getRouteInformation(Object(Illuminate/Routing/Route))
#3 [internal function]: Illuminate/Foundation/Console/RouteListCommand->Illuminate/Foundation/Console/{closure}(Object(Illuminate/Routing/Route), 224)
#4 C:/Users/musas/Desktop/softwares/6valley/POSA-latest version/POSA/vendor/laravel/framework/src/Illuminate/Collections/Arr.php(600): array_map(Object(Closure), Array, Array)
#5 C:/Users/musas/Desktop/softwares/6valley/POSA-latest version/POSA/vendor/laravel/framework/src/Illuminate/Collections/Collection.php(778): Illuminate/Support/Arr::map(Array, Object(Closure))
#6 C:/Users/musas/Desktop/softwares/6valley/POSA-latest version/POSA/vendor/laravel/framework/src/Illuminate/Foundation/Console/RouteListCommand.php(115): Illuminate/Support/Collection->map(Object(Closure))
#7 C:/Users/musas/Desktop/softwares/6valley/POSA-latest version/POSA/vendor/laravel/framework/src/Illuminate/Foundation/Console/RouteListCommand.php(101): Illuminate/Foundation/Console/RouteListCommand->getRoutes()
#8 C:/Users/musas/Desktop/softwares/6valley/POSA-latest version/POSA/vendor/laravel/framework/src/Illuminate/Container/BoundMethod.php(36): Illuminate/Foundation/Console/RouteListCommand->handle()
#9 C:/Users/musas/Desktop/softwares/6valley/POSA-latest version/POSA/vendor/laravel/framework/src/Illuminate/Container/Util.php(41): Illuminate/Container/BoundMethod::Illuminate/Container/{closure}()
#10 C:/Users/musas/Desktop/softwares/6valley/POSA-latest version/POSA/vendor/laravel/framework/src/Illuminate/Container/BoundMethod.php(93): Illuminate/Container/Util::unwrapIfClosure(Object(Closure))
#11 C:/Users/musas/Desktop/softwares/6valley/POSA-latest version/POSA/vendor/laravel/framework/src/Illuminate/Container/BoundMethod.php(35): Illuminate/Container/BoundMethod::callBoundMethod(Object(Illuminate/Foundation/Application), Array, Object(Closure))
#12 C:/Users/musas/Desktop/softwares/6valley/POSA-latest version/POSA/vendor/laravel/framework/src/Illuminate/Container/Container.php(662): Illuminate/Container/BoundMethod::call(Object(Illuminate/Foundation/Application), Array, Array, NULL)
#13 C:/Users/musas/Desktop/softwares/6valley/POSA-latest version/POSA/vendor/laravel/framework/src/Illuminate/Console/Command.php(211): Illuminate/Container/Container->call(Array)
#14 C:/Users/musas/Desktop/softwares/6valley/POSA-latest version/POSA/vendor/symfony/console/Command/Command.php(326): Illuminate/Console/Command->execute(Object(Symfony/Component/Console/Input/ArgvInput), Object(Illuminate/Console/OutputStyle))
#15 C:/Users/musas/Desktop/softwares/6valley/POSA-latest version/POSA/vendor/laravel/framework/src/Illuminate/Console/Command.php(180): Symfony/Component/Console/Command/Command->run(Object(Symfony/Component/Console/Input/ArgvInput), Object(Illuminate/Console/OutputStyle))
#16 C:/Users/musas/Desktop/softwares/6valley/POSA-latest version/POSA/vendor/symfony/console/Application.php(1121): Illuminate/Console/Command->run(Object(Symfony/Component/Console/Input/ArgvInput), Object(Symfony/Component/Console/Output/ConsoleOutput))
#17 C:/Users/musas/Desktop/softwares/6valley/POSA-latest version/POSA/vendor/symfony/console/Application.php(324): Symfony/Component/Console/Application->doRunCommand(Object(Illuminate/Foundation/Console/RouteListCommand), Object(Symfony/Component/Console/Input/ArgvInput), Object(Symfony/Component/Console/Output/ConsoleOutput))
#18 C:/Users/musas/Desktop/softwares/6valley/POSA-latest version/POSA/vendor/symfony/console/Application.php(175): Symfony/Component/Console/Application->doRun(Object(Symfony/Component/Console/Input/ArgvInput), Object(Symfony/Component/Console/Output/ConsoleOutput))
#19 C:/Users/musas/Desktop/softwares/6valley/POSA-latest version/POSA/vendor/laravel/framework/src/Illuminate/Foundation/Console/Kernel.php(201): Symfony/Component/Console/Application->run(Object(Symfony/Component/Console/Input/ArgvInput), Object(Symfony/Component/Console/Output/ConsoleOutput))
#20 C:/Users/musas/Desktop/softwares/6valley/POSA-latest version/POSA/artisan(35): Illuminate/Foundation/Console/Kernel->handle(Object(Symfony/Component/Console/Input/ArgvInput), Object(Symfony/Component/Console/Output/ConsoleOutput))
#21 {main}
"} 
[2026-04-30 17:22:17] live.ERROR: Class "App\Http\Controllers\RestAPI\v2\seller\App\Http\Controllers\RestAPI\v2\Seller\ChatController" does not exist {"exception":"[object] (ReflectionException(code: -1): Class \"App\\Http\\Controllers\\RestAPI\\v2\\seller\\App\\Http\\Controllers\\RestAPI\\v2\\Seller\\ChatController\" does not exist at C:/Users/musas/Desktop/softwares/6valley/POSA-latest version/POSA/vendor/laravel/framework/src/Illuminate/Foundation/Console/RouteListCommand.php:225)
[stacktrace]
#0 C:/Users/musas/Desktop/softwares/6valley/POSA-latest version/POSA/vendor/laravel/framework/src/Illuminate/Foundation/Console/RouteListCommand.php(225): ReflectionClass->__construct('App//Http//Contro...')
#1 C:/Users/musas/Desktop/softwares/6valley/POSA-latest version/POSA/vendor/laravel/framework/src/Illuminate/Foundation/Console/RouteListCommand.php(147): Illuminate/Foundation/Console/RouteListCommand->isVendorRoute(Object(Illuminate/Routing/Route))
#2 C:/Users/musas/Desktop/softwares/6valley/POSA-latest version/POSA/vendor/laravel/framework/src/Illuminate/Foundation/Console/RouteListCommand.php(116): Illuminate/Foundation/Console/RouteListCommand->getRouteInformation(Object(Illuminate/Routing/Route))
#3 [internal function]: Illuminate/Foundation/Console/RouteListCommand->Illuminate/Foundation/Console/{closure}(Object(Illuminate/Routing/Route), 224)
#4 C:/Users/musas/Desktop/softwares/6valley/POSA-latest version/POSA/vendor/laravel/framework/src/Illuminate/Collections/Arr.php(600): array_map(Object(Closure), Array, Array)
#5 C:/Users/musas/Desktop/softwares/6valley/POSA-latest version/POSA/vendor/laravel/framework/src/Illuminate/Collections/Collection.php(778): Illuminate/Support/Arr::map(Array, Object(Closure))
#6 C:/Users/musas/Desktop/softwares/6valley/POSA-latest version/POSA/vendor/laravel/framework/src/Illuminate/Foundation/Console/RouteListCommand.php(115): Illuminate/Support/Collection->map(Object(Closure))
#7 C:/Users/musas/Desktop/softwares/6valley/POSA-latest version/POSA/vendor/laravel/framework/src/Illuminate/Foundation/Console/RouteListCommand.php(101): Illuminate/Foundation/Console/RouteListCommand->getRoutes()
#8 C:/Users/musas/Desktop/softwares/6valley/POSA-latest version/POSA/vendor/laravel/framework/src/Illuminate/Container/BoundMethod.php(36): Illuminate/Foundation/Console/RouteListCommand->handle()
#9 C:/Users/musas/Desktop/softwares/6valley/POSA-latest version/POSA/vendor/laravel/framework/src/Illuminate/Container/Util.php(41): Illuminate/Container/BoundMethod::Illuminate/Container/{closure}()
#10 C:/Users/musas/Desktop/softwares/6valley/POSA-latest version/POSA/vendor/laravel/framework/src/Illuminate/Container/BoundMethod.php(93): Illuminate/Container/Util::unwrapIfClosure(Object(Closure))
#11 C:/Users/musas/Desktop/softwares/6valley/POSA-latest version/POSA/vendor/laravel/framework/src/Illuminate/Container/BoundMethod.php(35): Illuminate/Container/BoundMethod::callBoundMethod(Object(Illuminate/Foundation/Application), Array, Object(Closure))
#12 C:/Users/musas/Desktop/softwares/6valley/POSA-latest version/POSA/vendor/laravel/framework/src/Illuminate/Container/Container.php(662): Illuminate/Container/BoundMethod::call(Object(Illuminate/Foundation/Application), Array, Array, NULL)
#13 C:/Users/musas/Desktop/softwares/6valley/POSA-latest version/POSA/vendor/laravel/framework/src/Illuminate/Console/Command.php(211): Illuminate/Container/Container->call(Array)
#14 C:/Users/musas/Desktop/softwares/6valley/POSA-latest version/POSA/vendor/symfony/console/Command/Command.php(326): Illuminate/Console/Command->execute(Object(Symfony/Component/Console/Input/ArgvInput), Object(Illuminate/Console/OutputStyle))
#15 C:/Users/musas/Desktop/softwares/6valley/POSA-latest version/POSA/vendor/laravel/framework/src/Illuminate/Console/Command.php(180): Symfony/Component/Console/Command/Command->run(Object(Symfony/Component/Console/Input/ArgvInput), Object(Illuminate/Console/OutputStyle))
#16 C:/Users/musas/Desktop/softwares/6valley/POSA-latest version/POSA/vendor/symfony/console/Application.php(1121): Illuminate/Console/Command->run(Object(Symfony/Component/Console/Input/ArgvInput), Object(Symfony/Component/Console/Output/ConsoleOutput))
#17 C:/Users/musas/Desktop/softwares/6valley/POSA-latest version/POSA/vendor/symfony/console/Application.php(324): Symfony/Component/Console/Application->doRunCommand(Object(Illuminate/Foundation/Console/RouteListCommand), Object(Symfony/Component/Console/Input/ArgvInput), Object(Symfony/Component/Console/Output/ConsoleOutput))
#18 C:/Users/musas/Desktop/softwares/6valley/POSA-latest version/POSA/vendor/symfony/console/Application.php(175): Symfony/Component/Console/Application->doRun(Object(Symfony/Component/Console/Input/ArgvInput), Object(Symfony/Component/Console/Output/ConsoleOutput))
#19 C:/Users/musas/Desktop/softwares/6valley/POSA-latest version/POSA/vendor/laravel/framework/src/Illuminate/Foundation/Console/Kernel.php(201): Symfony/Component/Console/Application->run(Object(Symfony/Component/Console/Input/ArgvInput), Object(Symfony/Component/Console/Output/ConsoleOutput))
#20 C:/Users/musas/Desktop/softwares/6valley/POSA-latest version/POSA/artisan(35): Illuminate/Foundation/Console/Kernel->handle(Object(Symfony/Component/Console/Input/ArgvInput), Object(Symfony/Component/Console/Output/ConsoleOutput))
#21 {main}
"} 
